Sat Mar 09 01:13:44 -0700 2013 Puppet (err): Unable to set ownership of log file
Sat Mar 09 01:13:48 -0700 2013 /Stage[main]/Boxen::Config/File[/opt/boxen/bin]/ensure (notice): created
Sat Mar 09 01:13:48 -0700 2013 /Stage[main]/Boxen::Config/File[/opt/boxen/data]/ensure (notice): created
Sat Mar 09 01:13:48 -0700 2013 /Stage[main]/Boxen::Config/File[/opt/boxen/data/project-sockets]/ensure (notice): created
Sat Mar 09 01:13:48 -0700 2013 /Stage[main]/Boxen::Config/File[/opt/boxen/data/puppet]/ensure (notice): created
Sat Mar 09 01:13:48 -0700 2013 /Stage[main]/Boxen::Config/File[/opt/boxen/log]/ensure (notice): created
Sat Mar 09 01:13:48 -0700 2013 /Stage[main]/Boxen::Config/File[/Users/scott/src]/ensure (notice): created
Sat Mar 09 01:13:48 -0700 2013 /Stage[main]/Boxen::Config/File[/opt/boxen/env.d]/ensure (notice): created
Sat Mar 09 01:13:48 -0700 2013 /Stage[main]/Boxen::Config/File[/opt/boxen/env.d/config.sh]/ensure (notice): defined content as '{md5}48e7d1eab45ec7543048aa6a541b9b55'
Sat Mar 09 01:13:48 -0700 2013 /Stage[main]/Boxen::Sudoers/Sudoers[launchctl]/ensure (notice): created
Sat Mar 09 01:13:48 -0700 2013 /Stage[main]/Ruby/File[/opt/boxen/env.d/rbenv.sh]/ensure (notice): defined content as '{md5}7844e3de3760b9e13ca6060947f0e582'
Sat Mar 09 01:13:48 -0700 2013 /Stage[main]/Nvm/File[/opt/boxen/env.d/nvm.sh]/ensure (notice): defined content as '{md5}dea5a4eb299d3852172d6cbb361a4ebe'
Sat Mar 09 01:13:48 -0700 2013 /Stage[main]/Nvm/File[/opt/boxen/bin/boxen-nvm-exec]/ensure (notice): defined content as '{md5}1385f88601a68d2490d56f704a0762cd'
Sat Mar 09 01:13:48 -0700 2013 /Stage[main]/Nvm/File[/opt/boxen/bin/node-waf]/ensure (notice): created
Sat Mar 09 01:13:48 -0700 2013 /Stage[main]/Nvm/File[/opt/boxen/bin/npm]/ensure (notice): created
Sat Mar 09 01:13:48 -0700 2013 /Stage[main]/Boxen::Sudoers/Sudoers[boxen]/ensure (notice): created
Sat Mar 09 01:13:49 -0700 2013 /Stage[main]/Boxen::Config/File[/opt/boxen/README.md]/ensure (notice): defined content as '{md5}36be20bef1e05e4d42bf2243c0ff4368'
Sat Mar 09 01:13:49 -0700 2013 /Stage[main]/Boxen::Config/File[/opt/boxen/env.sh]/ensure (notice): defined content as '{md5}74eb6f01094e2f3888bd4121d25d16eb'
Sat Mar 09 01:13:49 -0700 2013 /Stage[main]/Boxen::Sudoers/Sudoers[fdesetup]/ensure (notice): created
Sat Mar 09 01:13:50 -0700 2013 /Stage[main]/Boxen::Config/File[/opt/boxen/env.d/gh_creds.sh]/ensure (notice): defined content as '{md5}1d4af94d0dfb8a0e2d1daab030b13e99'
Sat Mar 09 01:13:50 -0700 2013 /Stage[main]/Ruby/File[/opt/boxen/rbenv]/ensure (notice): created
Sat Mar 09 01:13:50 -0700 2013 /Stage[main]/Boxen::Config/Group[puppet]/ensure (notice): created
Sat Mar 09 01:13:50 -0700 2013 /Stage[main]/Boxen::Config/File[/opt/boxen/cache]/ensure (notice): created
Sat Mar 09 01:13:50 -0700 2013 /Stage[main]/Nginx/File[/opt/boxen/config/nginx]/ensure (notice): created
Sat Mar 09 01:13:50 -0700 2013 /Stage[main]/Nginx/File[/opt/boxen/config/nginx/sites]/ensure (notice): created
Sat Mar 09 01:13:50 -0700 2013 /Stage[main]/Nginx/File[/opt/boxen/config/nginx/public]/ensure (notice): created
Sat Mar 09 01:13:50 -0700 2013 /File[/opt/boxen/config/nginx/public/fonts]/ensure (notice): created
Sat Mar 09 01:13:50 -0700 2013 /File[/opt/boxen/config/nginx/public/index.html]/ensure (notice): defined content as '{md5}3b180c2f17c11e78f97c5505a491a078'
Sat Mar 09 01:13:50 -0700 2013 /Stage[main]/Nginx/File[/opt/boxen/data/nginx]/ensure (notice): created
Sat Mar 09 01:13:50 -0700 2013 /File[/opt/boxen/config/nginx/public/fonts/pictos-web.svg]/ensure (notice): defined content as '{md5}f3490566888c762c5fc8136e88ab241b'
Sat Mar 09 01:13:50 -0700 2013 /File[/opt/boxen/config/nginx/public/images]/ensure (notice): created
Sat Mar 09 01:13:50 -0700 2013 /File[/opt/boxen/config/nginx/public/images/puppet.png]/ensure (notice): defined content as '{md5}1eb16ae4e0a8293e6eec9a498e71bfa2'
Sat Mar 09 01:13:50 -0700 2013 /Stage[main]/Nginx/File[/opt/boxen/config/nginx/mime.types]/ensure (notice): defined content as '{md5}530e1a47497cea31c5199ecffef93c29'
Sat Mar 09 01:13:50 -0700 2013 /Stage[main]/Nginx/File[/Library/LaunchDaemons/dev.nginx.plist]/ensure (notice): defined content as '{md5}6fa5ac5b57b00a813738a262ff578181'
Sat Mar 09 01:13:50 -0700 2013 /Stage[main]/Nginx/File[/opt/boxen/log/nginx]/ensure (notice): created
Sat Mar 09 01:13:50 -0700 2013 /File[/opt/boxen/config/nginx/public/images/background-tile.png]/ensure (notice): defined content as '{md5}8b19bace6904e62c9e8117b14b006fe3'
Sat Mar 09 01:13:50 -0700 2013 /File[/opt/boxen/config/nginx/public/fonts/pictos-web.woff]/ensure (notice): defined content as '{md5}44a0247f7400f26597fbed1483422a24'
Sat Mar 09 01:13:50 -0700 2013 /File[/opt/boxen/config/nginx/public/fonts/pictos-web.eot]/ensure (notice): defined content as '{md5}7a594c02942913cdb33f266f60015855'
Sat Mar 09 01:13:50 -0700 2013 /File[/opt/boxen/config/nginx/public/css]/ensure (notice): created
Sat Mar 09 01:13:50 -0700 2013 /File[/opt/boxen/config/nginx/public/css/bass.css]/ensure (notice): defined content as '{md5}961b4b88d3b19b58b34447f87ae58c8e'
Sat Mar 09 01:13:50 -0700 2013 /File[/opt/boxen/config/nginx/public/fonts/pictos-web.ttf]/ensure (notice): defined content as '{md5}f705625d9690d8a3d6d6111412fde810'
Sat Mar 09 01:13:50 -0700 2013 /Stage[main]/Boxen::Repo/File[/opt/boxen/repo]/group (notice): group changed 'admin' to 'staff'
Sat Mar 09 01:13:51 -0700 2013 /Stage[main]/Boxen::Security/Boxen::Osx_defaults[short delay for password dialog on screensaver]/Exec[osx_defaults write com.apple.screensaver:askForPasswordDelay=>5]/returns (notice): executed successfully
Sat Mar 09 01:13:51 -0700 2013 /Stage[main]/Nvm/File[/opt/boxen/bin/node]/ensure (notice): created
Sat Mar 09 01:13:51 -0700 2013 /Stage[main]/Boxen::Config/File[/opt/boxen/data/puppet/graphs]/ensure (notice): created
Sat Mar 09 01:13:51 -0700 2013 /Stage[main]/Hub/Git::Config::Global[hub.protocol]/Ini_setting[set hub.protocol to https in /Users/scott/.gitconfig]/ensure (notice): created
Sat Mar 09 01:13:51 -0700 2013 /Stage[main]/Hub/File[/opt/boxen/env.d/hub.sh]/ensure (notice): defined content as '{md5}7059a8ff6cc1aa39ab6ec047e51ae3b9'
Sat Mar 09 01:13:51 -0700 2013 /Stage[main]/Boxen::Gemrc/File[/Users/scott/.gemrc]/ensure (notice): defined content as '{md5}6c8a669695800aa1b602af00bb43e9d6'
Sat Mar 09 01:13:51 -0700 2013 /Stage[main]/Homebrew/File[/opt/boxen/homebrew]/ensure (notice): created
Sat Mar 09 01:13:53 -0700 2013 /Stage[main]/Homebrew/Exec[install-homebrew]/returns (notice): executed successfully
Sat Mar 09 01:13:53 -0700 2013 /Stage[main]/Homebrew/File[/opt/boxen/env.d/cflags.sh]/ensure (notice): defined content as '{md5}ea9e5db4aa3bdef3a5d539765dfce761'
Sat Mar 09 01:13:53 -0700 2013 /Stage[main]/Homebrew/File[/opt/boxen/cache/homebrew]/ensure (notice): created
Sat Mar 09 01:13:53 -0700 2013 /Stage[main]/Homebrew/File[/opt/boxen/homebrew/Library/Taps]/ensure (notice): created
Sat Mar 09 01:13:53 -0700 2013 /Stage[main]/Homebrew/File[/opt/boxen/homebrew/Library/Taps/boxen-brews]/ensure (notice): created
Sat Mar 09 01:13:53 -0700 2013 /Stage[main]/Homebrew/File[/opt/boxen/env.d/homebrew.sh]/ensure (notice): defined content as '{md5}3ecd84740747d6af065f29b8932dbb5a'
Sat Mar 09 01:13:54 -0700 2013 /Stage[main]/Homebrew/Exec[fix-homebrew-permissions]/returns (notice): executed successfully
Sat Mar 09 01:13:54 -0700 2013 /Stage[main]/Homebrew/File[/opt/boxen/homebrew/Library/Homebrew/boxen-monkeypatches.rb]/ensure (notice): defined content as '{md5}2b74bdfa433f07c8ae438ed5a85e213b'
Sat Mar 09 01:13:54 -0700 2013 /Stage[main]/Homebrew/File[/opt/boxen/homebrew/Library/Homebrew/cmd/boxen-upgrade.rb]/ensure (notice): defined content as '{md5}214fd2083aba837296d580f979d914a6'
Sat Mar 09 01:13:54 -0700 2013 /Stage[main]/Homebrew/File[/opt/boxen/homebrew/Library/Homebrew/cmd/boxen-latest.rb]/ensure (notice): defined content as '{md5}f3d578a229fa171d050642ff1beb4d33'
Sat Mar 09 01:13:54 -0700 2013 /Stage[main]/Homebrew/File[/opt/boxen/homebrew/Library/Homebrew/cmd/boxen-install.rb]/ensure (notice): defined content as '{md5}14f23c053c54b8e514658bc4bc5b3b88'
Sat Mar 09 01:13:54 -0700 2013 /Stage[main]/Homebrew/File[/opt/boxen/env.d/ldflags.sh]/ensure (notice): defined content as '{md5}baf9d685b70cecf8dd5da44ee45f8023'
Sat Mar 09 01:13:54 -0700 2013 /Stage[main]/Nginx/Homebrew::Formula[nginx]/File[/opt/boxen/homebrew/Library/Taps/boxen-brews/nginx.rb]/ensure (notice): defined content as '{md5}58ddd9996d3c47bebb9de420a3f4a54b'
Sat Mar 09 01:13:54 -0700 2013 /Stage[main]/Dnsmasq/File[/opt/boxen/log/dnsmasq]/ensure (notice): created
Sat Mar 09 01:13:54 -0700 2013 /Stage[main]/Dnsmasq/Homebrew::Formula[dnsmasq]/File[/opt/boxen/homebrew/Library/Taps/boxen-brews/dnsmasq.rb]/ensure (notice): defined content as '{md5}887f9bf5143476a83fd5f6bab6c5d2df'
Sat Mar 09 01:13:54 -0700 2013 /Stage[main]/Dnsmasq/File[/Library/LaunchDaemons/dev.dnsmasq.plist]/ensure (notice): defined content as '{md5}2561a635a21d060ef79a6bb5f8ce9e55'
Sat Mar 09 01:13:54 -0700 2013 /Stage[main]/Dnsmasq/File[/etc/resolver]/ensure (notice): created
Sat Mar 09 01:13:54 -0700 2013 /Stage[main]/Dnsmasq/File[/etc/resolver/dev]/ensure (notice): defined content as '{md5}5d32be72cf6aac6410325aecda6d5859'
Sat Mar 09 01:13:54 -0700 2013 /Stage[main]/Dnsmasq/File[/opt/boxen/config/dnsmasq]/ensure (notice): created
Sat Mar 09 01:13:54 -0700 2013 /Stage[main]/Dnsmasq/File[/opt/boxen/config/dnsmasq/dnsmasq.conf]/ensure (notice): defined content as '{md5}8e35a05788e08a08d3ba77fc5d271ca8'
Sat Mar 09 01:13:54 -0700 2013 /Stage[main]/Gcc/Homebrew::Formula[apple-gcc42]/File[/opt/boxen/homebrew/Library/Taps/boxen-brews/apple-gcc42.rb]/ensure (notice): defined content as '{md5}6f0ae5480e9546c11baab181cd0ae8fb'
Sat Mar 09 01:13:54 -0700 2013 /Stage[main]/Git/File[/opt/boxen/repo/script/boxen-git-credential]/group (notice): group changed 'admin' to 'staff'
Sat Mar 09 01:13:54 -0700 2013 /Stage[main]/Git/Git::Config::Global[credential.helper]/Ini_setting[set credential.helper to /opt/boxen/bin/boxen-git-credential in /Users/scott/.gitconfig]/ensure (notice): created
Sat Mar 09 01:13:54 -0700 2013 /Stage[main]/Git/File[/opt/boxen/bin/boxen-git-credential]/ensure (notice): created
Sat Mar 09 01:13:54 -0700 2013 /Stage[main]/Git/File[/opt/boxen/config/git]/ensure (notice): created
Sat Mar 09 01:13:54 -0700 2013 /Stage[main]/Git/File[/opt/boxen/config/git/gitignore]/ensure (notice): defined content as '{md5}399750643c151dfe17d9a820109a0c7d'
Sat Mar 09 01:13:54 -0700 2013 /Stage[main]/Git/Git::Config::Global[core.excludesfile]/Ini_setting[set core.excludesfile to /opt/boxen/config/git/gitignore in /Users/scott/.gitconfig]/value (notice): value changed '/Users/scott/.gitignore_global' to '/opt/boxen/config/git/gitignore'
Sat Mar 09 01:13:54 -0700 2013 /Stage[main]/Git/Homebrew::Formula[git]/File[/opt/boxen/homebrew/Library/Taps/boxen-brews/git.rb]/ensure (notice): defined content as '{md5}4a2adbb95d4813c5e7861517e5c42ec8'
Sat Mar 09 01:13:54 -0700 2013 Package[boxen/brews/apple-gcc42](provider=homebrew) (notice): Updating homebrew formulas
Sat Mar 09 01:14:54 -0700 2013 /Stage[main]/Gcc/Package[boxen/brews/apple-gcc42]/ensure (notice): created
Sat Mar 09 01:14:59 -0700 2013 /Stage[main]/Nginx/Package[boxen/brews/nginx]/ensure (notice): created
Sat Mar 09 01:15:03 -0700 2013 /Stage[main]//Node[default]/Package[findutils]/ensure (notice): created
Sat Mar 09 01:15:03 -0700 2013 /Stage[main]//Node[default]/File[/Users/scott/src/our-boxen]/ensure (notice): created
Sat Mar 09 01:15:04 -0700 2013 /Stage[main]//Node[default]/Package[ack]/ensure (notice): created
Sat Mar 09 01:15:06 -0700 2013 /Stage[main]//Node[default]/Package[gnu-tar]/ensure (notice): created
Sat Mar 09 01:15:12 -0700 2013 /Stage[main]/Git/Package[boxen/brews/git]/ensure (notice): created
Sat Mar 09 01:15:15 -0700 2013 /Stage[main]/Hub/Package[hub]/ensure (notice): created
Sat Mar 09 01:15:15 -0700 2013 /Stage[main]/Boxen::Bin/File[/opt/boxen/bin/boxen]/ensure (notice): created
Sat Mar 09 01:15:17 -0700 2013 /Stage[main]/Ruby/Exec[rbenv-setup-root-repo]/returns (notice): executed successfully
Sat Mar 09 01:15:17 -0700 2013 /Stage[main]/Ruby/File[/opt/boxen/rbenv/versions]/ensure (notice): created
Sat Mar 09 01:15:17 -0700 2013 /Stage[main]/Ruby/File[/opt/boxen/rbenv/rbenv.d]/ensure (notice): created
Sat Mar 09 01:15:17 -0700 2013 /Stage[main]/Ruby/File[/opt/boxen/rbenv/rbenv.d/install]/ensure (notice): created
Sat Mar 09 01:15:17 -0700 2013 /Stage[main]/Ruby/File[/opt/boxen/rbenv/rbenv.d/install/00_try_to_download_ruby_version.bash]/ensure (notice): defined content as '{md5}a420f72b64852232e2459287fe68c3cf'
Sat Mar 09 01:15:17 -0700 2013 /Stage[main]/Ruby/File[/opt/boxen/rbenv/shims]/ensure (notice): created
Sat Mar 09 01:15:17 -0700 2013 /Stage[main]/Ruby/File[/opt/boxen/rbenv/plugins]/ensure (notice): created
Sat Mar 09 01:15:19 -0700 2013 /Stage[main]/Ruby/Repository[/opt/boxen/rbenv/plugins/ruby-build]/ensure (notice): created
Sat Mar 09 01:15:20 -0700 2013 /Stage[main]/Dnsmasq/Package[boxen/brews/dnsmasq]/ensure (notice): created
Sat Mar 09 01:15:20 -0700 2013 /Stage[main]/Dnsmasq/Service[dev.dnsmasq]/ensure (notice): ensure changed 'stopped' to 'running'
Sat Mar 09 01:15:21 -0700 2013 /Stage[main]/Dnsmasq/Service[dev.dnsmasq] (notice): Triggered 'refresh' from 4 events
Sat Mar 09 01:15:21 -0700 2013 /Stage[main]/Ruby/Exec[rbenv-rehash-post-install]/returns (notice): executed successfully
Sat Mar 09 01:15:30 -0700 2013 /Stage[main]/Ruby::2_0_0_p0/Ruby::Version[2.0.0-p0]/Exec[ruby-install-2.0.0-p0]/returns (notice): executed successfully
Sat Mar 09 01:15:41 -0700 2013 /Stage[main]/Ruby::1_9_3_p392/Ruby::Version[1.9.3-p392]/Exec[ruby-install-1.9.3-p392]/returns (notice): executed successfully
Sat Mar 09 01:15:46 -0700 2013 /Stage[main]/Ruby::1_9_3_p392/Ruby::Version[1.9.3-p392]/Ruby::Gem[bundler for 1.9.3-p392]/Rbenv_gem[bundler for 1.9.3-p392]/ensure (notice): created
Sat Mar 09 01:15:48 -0700 2013 /Stage[main]/Ruby::1_8_7_p358/Ruby::Version[1.8.7-p358]/Exec[ruby-install-1.8.7-p358]/returns (notice): executed successfully
Sat Mar 09 01:15:51 -0700 2013 /Stage[main]/Ruby::2_0_0_p0/Ruby::Version[2.0.0-p0]/Ruby::Gem[rbenv-autohash for 2.0.0-p0]/Rbenv_gem[rbenv-autohash for 2.0.0-p0]/ensure (notice): created
Sat Mar 09 01:16:00 -0700 2013 /Stage[main]/Ruby::1_9_2_p320/Ruby::Version[1.9.2-p320]/Exec[ruby-install-1.9.2-p320]/returns (notice): executed successfully
Sat Mar 09 01:16:03 -0700 2013 /Stage[main]/Ruby::1_8_7_p358/Ruby::Version[1.8.7-p358]/Ruby::Gem[bundler for 1.8.7-p358]/Rbenv_gem[bundler for 1.8.7-p358]/ensure (notice): created
Sat Mar 09 01:16:03 -0700 2013 /Stage[main]/Ruby::1_8_7/File[/opt/boxen/rbenv/versions/1.8.7]/ensure (notice): created
Sat Mar 09 01:16:03 -0700 2013 /Stage[main]/Ruby::1_9_3/File[/opt/boxen/rbenv/versions/1.9.3]/ensure (notice): created
Sat Mar 09 01:16:06 -0700 2013 /Stage[main]/Ruby::2_0_0_p0/Ruby::Version[2.0.0-p0]/Ruby::Gem[bundler for 2.0.0-p0]/Rbenv_gem[bundler for 2.0.0-p0]/ensure (notice): created
Sat Mar 09 01:16:06 -0700 2013 /Stage[main]/Ruby::2_0_0/File[/opt/boxen/rbenv/versions/2.0.0]/ensure (notice): created
Sat Mar 09 01:16:07 -0700 2013 /Stage[main]/Ruby::1_9_2_p320/Ruby::Version[1.9.2-p320]/Ruby::Gem[bundler for 1.9.2-p320]/Rbenv_gem[bundler for 1.9.2-p320]/ensure (notice): created
Sat Mar 09 01:16:07 -0700 2013 /Stage[main]/Nginx/File[/opt/boxen/config/nginx/nginx.conf]/ensure (notice): defined content as '{md5}679d800749eb641b77e968331615301d'
Sat Mar 09 01:16:07 -0700 2013 /Stage[main]/Nginx/Service[dev.nginx]/ensure (notice): ensure changed 'stopped' to 'running'
Sat Mar 09 01:16:08 -0700 2013 /Stage[main]/Nginx/Service[dev.nginx] (notice): Triggered 'refresh' from 4 events
Sat Mar 09 01:16:08 -0700 2013 /Stage[main]/Ruby::1_9_2/File[/opt/boxen/rbenv/versions/1.9.2]/ensure (notice): created
Sat Mar 09 01:16:08 -0700 2013 /Stage[main]/Nvm/Repository[/opt/boxen/nvm]/ensure (notice): created
Sat Mar 09 01:16:08 -0700 2013 /Stage[main]/Nvm/File[/opt/boxen/nvm/alias]/ensure (notice): created
Sat Mar 09 01:16:11 -0700 2013 /Stage[main]/Nodejs::0-6/Nodejs[0.6.20]/Exec[nvm-install-0.6.20]/returns (notice): executed successfully
Sat Mar 09 01:16:11 -0700 2013 /Stage[main]/Nodejs::0-6/File[/opt/boxen/nvm/alias/v0.6]/ensure (notice): defined content as '{md5}3f67cb4a2c697389c08f7f739714b33b'
Sat Mar 09 01:16:17 -0700 2013 /Stage[main]/Nodejs::0-8/Nodejs[0.8.8]/Exec[nvm-install-0.8.8]/returns (notice): executed successfully
Sat Mar 09 01:16:17 -0700 2013 /Stage[main]/Nodejs::0-8/File[/opt/boxen/nvm/alias/v0.8]/ensure (notice): defined content as '{md5}35ce5a993f13e4479234c555c8d72fe8'
Sat Mar 09 01:16:19 -0700 2013 /Stage[main]/Nodejs::0-4/Nodejs[0.4.10]/Exec[nvm-install-0.4.10]/returns (notice): executed successfully
Sat Mar 09 01:16:19 -0700 2013 /Stage[main]/Nodejs::0-4/File[/opt/boxen/nvm/alias/v0.4]/ensure (notice): defined content as '{md5}38050ecc35fd35d182ee947a3d70893c'
